  Source.cpp
C:\Users\aya-k\source\repos\ProjetImage\Source.cpp(115,46): warning C4267: 'argument' : conversion de 'size_t' en 'int', perte possible de données
C:\Users\aya-k\source\repos\ProjetImage\Source.cpp(116,74): warning C4267: 'argument' : conversion de 'size_t' en 'int', perte possible de données
C:\Users\aya-k\source\repos\ProjetImage\Source.cpp(157,48): warning C4244: 'argument' : conversion de '_Tp' en '_Tp', perte possible de données
          with
          [
              _Tp=float
          ]
          and
          [
              _Tp=int
          ]
C:\Users\aya-k\source\repos\ProjetImage\Source.cpp(157,35): warning C4244: 'argument' : conversion de '_Tp' en '_Tp', perte possible de données
          with
          [
              _Tp=float
          ]
          and
          [
              _Tp=int
          ]
C:\Users\aya-k\source\repos\ProjetImage\Source.cpp(158,38): warning C4244: 'argument' : conversion de '_Tp' en '_Tp', perte possible de données
          with
          [
              _Tp=float
          ]
          and
          [
              _Tp=int
          ]
C:\Users\aya-k\source\repos\ProjetImage\Source.cpp(158,25): warning C4244: 'argument' : conversion de '_Tp' en '_Tp', perte possible de données
          with
          [
              _Tp=float
          ]
          and
          [
              _Tp=int
          ]
C:\Users\aya-k\source\repos\ProjetImage\Source.cpp(165,20): warning C4244: 'return' : conversion de 'double' en 'float', perte possible de données
  Project2.vcxproj -> C:\Users\aya-k\source\repos\ProjetImage\x64\Debug\Project2.exe
